<?xml version="1.0" encoding="UTF-8"?>
<!-- Generated by org.testng.reporters.JUnitReportReporter -->
<testsuite hostname="AkashSaxena" failures="0" tests="2" name="testing.Methodng" time="33.220" errors="0" timestamp="19 Dec 2018 07:24:11 GMT">
  <testcase classname="testing.Methodng" name="Signup" time="19.053"/>
  <testcase classname="testing.Methodng" name="Login" time="14.167"/>
</testsuite> <!-- testing.Methodng -->
