<?xml version="1.0" encoding="UTF-8"?>
<!-- Generated by org.testng.reporters.JUnitReportReporter -->
<testsuite hostname="AkashSaxena" failures="0" tests="3" name="javatest.HelloWorld" time="0.013" errors="0" timestamp="18 Dec 2018 07:45:49 GMT">
  <testcase classname="javatest.HelloWorld" name="z" time="0.011"/>
  <testcase classname="javatest.HelloWorld" name="x" time="0.002"/>
  <testcase classname="javatest.HelloWorld" name="w" time="0.000"/>
</testsuite> <!-- javatest.HelloWorld -->
