<?xml version="1.0" encoding="UTF-8"?>
<!-- Generated by org.testng.reporters.JUnitReportReporter -->
<testsuite hostname="AkashSaxena" failures="0" tests="1" name="testing.AssertDemo" time="0.014" errors="0" timestamp="19 Dec 2018 07:42:29 GMT">
  <testcase classname="testing.AssertDemo" name="MEthod1" time="0.014"/>
</testsuite> <!-- testing.AssertDemo -->
